<?xml version="1.0" encoding="UTF-8"?>
<testng-results ignored="0" total="10" passed="10" failed="0" skipped="0">
  <reporter-output>
  </reporter-output>
  <suite started-at="2026-02-23T14:09:34 IST" name="Default suite" finished-at="2026-02-23T14:16:03 IST" duration-ms="389719">
    <groups>
      <group name="cucumber">
        <method signature="AbstractTestNGCucumberTests.runScenario(io.cucumber.testng.PickleWrapper,io.cucumber.testng.FeatureWrapper)[pri:0, instance:runner.TestRunner@10aa41f2]" name="runScenario" class="io.cucumber.testng.AbstractTestNGCucumberTests"/>
      </group> <!-- cucumber -->
    </groups>
    <test started-at="2026-02-23T14:09:34 IST" name="Default test" finished-at="2026-02-23T14:16:03 IST" duration-ms="389719">
      <class name="runner.TestRunner">
        <test-method is-config="true" signature="setUpClass(org.testng.ITestContext)[pri:0, instance:runner.TestRunner@10aa41f2]" started-at="2026-02-23T14:09:34 IST" name="setUpClass" finished-at="2026-02-23T14:09:34 IST" duration-ms="587" status="PASS">
          <params>
            <param index="0">
              <value>
                <![CDATA[org.testng.TestRunner@446cc036]]>
              </value>
            </param>
          </params>
          <reporter-output>
          </reporter-output>
        </test-method> <!-- setUpClass -->
        <test-method signature="runScenario(io.cucumber.testng.PickleWrapper,io.cucumber.testng.FeatureWrapper)[pri:0, instance:runner.TestRunner@10aa41f2]" started-at="2026-02-23T14:09:34 IST" name="runScenario" description="Runs Cucumber Scenarios" data-provider="scenarios" finished-at="2026-02-23T14:10:39 IST" duration-ms="64498" status="PASS">
          <params>
            <param index="0">
              <value>
                <![CDATA["Verify employee deleted"]]>
              </value>
            </param>
            <param index="1">
              <value>
                <![CDATA["Delete employee"]]>
              </value>
            </param>
          </params>
          <reporter-output>
          </reporter-output>
        </test-method> <!-- runScenario -->
        <test-method signature="runScenario(io.cucumber.testng.PickleWrapper,io.cucumber.testng.FeatureWrapper)[pri:0, instance:runner.TestRunner@10aa41f2]" started-at="2026-02-23T14:10:39 IST" name="runScenario" description="Runs Cucumber Scenarios" data-provider="scenarios" finished-at="2026-02-23T14:11:21 IST" duration-ms="41650" status="PASS">
          <params>
            <param index="0">
              <value>
                <![CDATA["Verify employee deleted"]]>
              </value>
            </param>
            <param index="1">
              <value>
                <![CDATA["Delete employee"]]>
              </value>
            </param>
          </params>
          <reporter-output>
          </reporter-output>
        </test-method> <!-- runScenario -->
        <test-method signature="runScenario(io.cucumber.testng.PickleWrapper,io.cucumber.testng.FeatureWrapper)[pri:0, instance:runner.TestRunner@10aa41f2]" started-at="2026-02-23T14:11:21 IST" name="runScenario" description="Runs Cucumber Scenarios" data-provider="scenarios" finished-at="2026-02-23T14:11:59 IST" duration-ms="38200" status="PASS">
          <params>
            <param index="0">
              <value>
                <![CDATA["Add a new employee"]]>
              </value>
            </param>
            <param index="1">
              <value>
                <![CDATA["PIM Module - Employee Management"]]>
              </value>
            </param>
          </params>
          <reporter-output>
          </reporter-output>
        </test-method> <!-- runScenario -->
        <test-method signature="runScenario(io.cucumber.testng.PickleWrapper,io.cucumber.testng.FeatureWrapper)[pri:0, instance:runner.TestRunner@10aa41f2]" started-at="2026-02-23T14:11:59 IST" name="runScenario" description="Runs Cucumber Scenarios" data-provider="scenarios" finished-at="2026-02-23T14:12:35 IST" duration-ms="35983" status="PASS">
          <params>
            <param index="0">
              <value>
                <![CDATA["Add a new employee"]]>
              </value>
            </param>
            <param index="1">
              <value>
                <![CDATA["PIM Module - Employee Management"]]>
              </value>
            </param>
          </params>
          <reporter-output>
          </reporter-output>
        </test-method> <!-- runScenario -->
        <test-method signature="runScenario(io.cucumber.testng.PickleWrapper,io.cucumber.testng.FeatureWrapper)[pri:0, instance:runner.TestRunner@10aa41f2]" started-at="2026-02-23T14:12:35 IST" name="runScenario" description="Runs Cucumber Scenarios" data-provider="scenarios" finished-at="2026-02-23T14:13:12 IST" duration-ms="36812" status="PASS">
          <params>
            <param index="0">
              <value>
                <![CDATA["Search employee added by name"]]>
              </value>
            </param>
            <param index="1">
              <value>
                <![CDATA["Search Employee"]]>
              </value>
            </param>
          </params>
          <reporter-output>
          </reporter-output>
        </test-method> <!-- runScenario -->
        <test-method signature="runScenario(io.cucumber.testng.PickleWrapper,io.cucumber.testng.FeatureWrapper)[pri:0, instance:runner.TestRunner@10aa41f2]" started-at="2026-02-23T14:13:12 IST" name="runScenario" description="Runs Cucumber Scenarios" data-provider="scenarios" finished-at="2026-02-23T14:13:53 IST" duration-ms="41407" status="PASS">
          <params>
            <param index="0">
              <value>
                <![CDATA["Search employee added by name"]]>
              </value>
            </param>
            <param index="1">
              <value>
                <![CDATA["Search Employee"]]>
              </value>
            </param>
          </params>
          <reporter-output>
          </reporter-output>
        </test-method> <!-- runScenario -->
        <test-method signature="runScenario(io.cucumber.testng.PickleWrapper,io.cucumber.testng.FeatureWrapper)[pri:0, instance:runner.TestRunner@10aa41f2]" started-at="2026-02-23T14:13:53 IST" name="runScenario" description="Runs Cucumber Scenarios" data-provider="scenarios" finished-at="2026-02-23T14:14:45 IST" duration-ms="51633" status="PASS">
          <params>
            <param index="0">
              <value>
                <![CDATA["Update employee first name"]]>
              </value>
            </param>
            <param index="1">
              <value>
                <![CDATA["Update Employee"]]>
              </value>
            </param>
          </params>
          <reporter-output>
          </reporter-output>
        </test-method> <!-- runScenario -->
        <test-method signature="runScenario(io.cucumber.testng.PickleWrapper,io.cucumber.testng.FeatureWrapper)[pri:0, instance:runner.TestRunner@10aa41f2]" started-at="2026-02-23T14:14:45 IST" name="runScenario" description="Runs Cucumber Scenarios" data-provider="scenarios" finished-at="2026-02-23T14:15:28 IST" duration-ms="42963" status="PASS">
          <params>
            <param index="0">
              <value>
                <![CDATA["Update employee first name"]]>
              </value>
            </param>
            <param index="1">
              <value>
                <![CDATA["Update Employee"]]>
              </value>
            </param>
          </params>
          <reporter-output>
          </reporter-output>
        </test-method> <!-- runScenario -->
        <test-method signature="runScenario(io.cucumber.testng.PickleWrapper,io.cucumber.testng.FeatureWrapper)[pri:0, instance:runner.TestRunner@10aa41f2]" started-at="2026-02-23T14:15:28 IST" name="runScenario" description="Runs Cucumber Scenarios" data-provider="scenarios" finished-at="2026-02-23T14:15:45 IST" duration-ms="17396" status="PASS">
          <params>
            <param index="0">
              <value>
                <![CDATA["Verify valid login"]]>
              </value>
            </param>
            <param index="1">
              <value>
                <![CDATA["Login Functionality"]]>
              </value>
            </param>
          </params>
          <reporter-output>
          </reporter-output>
        </test-method> <!-- runScenario -->
        <test-method signature="runScenario(io.cucumber.testng.PickleWrapper,io.cucumber.testng.FeatureWrapper)[pri:0, instance:runner.TestRunner@10aa41f2]" started-at="2026-02-23T14:15:45 IST" name="runScenario" description="Runs Cucumber Scenarios" data-provider="scenarios" finished-at="2026-02-23T14:16:03 IST" duration-ms="18447" status="PASS">
          <params>
            <param index="0">
              <value>
                <![CDATA["Login with invalid password"]]>
              </value>
            </param>
            <param index="1">
              <value>
                <![CDATA["Login Functionality"]]>
              </value>
            </param>
          </params>
          <reporter-output>
          </reporter-output>
        </test-method> <!-- runScenario -->
        <test-method is-config="true" signature="tearDownClass()[pri:0, instance:runner.TestRunner@10aa41f2]" started-at="2026-02-23T14:16:03 IST" name="tearDownClass" finished-at="2026-02-23T14:16:03 IST" duration-ms="86" status="PASS">
          <reporter-output>
          </reporter-output>
        </test-method> <!-- tearDownClass -->
      </class> <!-- runner.TestRunner -->
    </test> <!-- Default test -->
  </suite> <!-- Default suite -->
</testng-results>
