<?xml version="1.0" encoding="UTF-8"?>
<!-- Generated by org.testng.reporters.JUnitReportReporter -->
<testsuite hostname="LAPTOP-ABB2HCUO" failures="0" tests="10" name="runner.TestRunner" time="388.989" errors="0" timestamp="2026-02-23T14:16:04 IST" skipped="0">
  <testcase classname="runner.TestRunner" name="runScenario" time="64.498"/>
  <testcase classname="runner.TestRunner" name="runScenario" time="17.396"/>
  <testcase classname="runner.TestRunner" name="runScenario" time="41.407"/>
  <testcase classname="runner.TestRunner" name="runScenario" time="41.650"/>
  <testcase classname="runner.TestRunner" name="runScenario" time="38.200"/>
  <testcase classname="runner.TestRunner" name="runScenario" time="35.983"/>
  <testcase classname="runner.TestRunner" name="runScenario" time="51.633"/>
  <testcase classname="runner.TestRunner" name="runScenario" time="36.812"/>
  <testcase classname="runner.TestRunner" name="runScenario" time="42.963"/>
  <testcase classname="runner.TestRunner" name="runScenario" time="18.447"/>
</testsuite> <!-- runner.TestRunner -->
